ARM GAS  /tmp/ccucxxi1.s 			page 1


   1              		.cpu cortex-m0
   2              		.arch armv6s-m
   3              		.fpu softvfp
   4              		.eabi_attribute 20, 1
   5              		.eabi_attribute 21, 1
   6              		.eabi_attribute 23, 3
   7              		.eabi_attribute 24, 1
   8              		.eabi_attribute 25, 1
   9              		.eabi_attribute 26, 1
  10              		.eabi_attribute 30, 1
  11              		.eabi_attribute 34, 0
  12              		.eabi_attribute 18, 4
  13              		.file	"ws2811.c"
  14              		.text
  15              	.Ltext0:
  16              		.cfi_sections	.debug_frame
  17              		.file 1 "Core/Src/ws2811.c"
  18              		.section	.text.ws2811_tx,"ax",%progbits
  19              		.align	1
  20              		.global	ws2811_tx
  21              		.syntax unified
  22              		.code	16
  23              		.thumb_func
  25              	ws2811_tx:
  26              	.LVL0:
  27              	.LFB40:
   1:Core/Src/ws2811.c **** #include "ws2811.h"
   2:Core/Src/ws2811.c **** #include "main.h"
   3:Core/Src/ws2811.c **** #include "string.h"
   4:Core/Src/ws2811.c **** #include "stm32f0xx_hal_spi.h"
   5:Core/Src/ws2811.c **** 
   6:Core/Src/ws2811.c **** #define BITS (4)
   7:Core/Src/ws2811.c **** #define BYTES_PER_LED (3)
   8:Core/Src/ws2811.c **** #define BUFF_SIZE (NUMBER_LEDS*BYTES_PER_LED*WS2811_BUFF_LEN)
   9:Core/Src/ws2811.c **** extern SPI_HandleTypeDef hspi1;
  10:Core/Src/ws2811.c **** 
  11:Core/Src/ws2811.c **** static uint8_t ws2811_bkup_buffer[BUFF_SIZE];
  12:Core/Src/ws2811.c **** static uint8_t ws2811_buffer[BUFF_SIZE];
  13:Core/Src/ws2811.c **** 
  14:Core/Src/ws2811.c **** static volatile uint32_t spi_index = 0;
  15:Core/Src/ws2811.c **** 
  16:Core/Src/ws2811.c **** ws2811_ret_E ws2811_tx(led_code_S (*led_timeseries)[NUMBER_LEDS], uint32_t n) {
  28              		.loc 1 16 79 view -0
  29              		.cfi_startproc
  30              		@ args = 0, pretend = 0, frame = 0
  31              		@ frame_needed = 0, uses_anonymous_args = 0
  32              		.loc 1 16 79 is_stmt 0 view .LVU1
  33 0000 F0B5     		push	{r4, r5, r6, r7, lr}
  34              	.LCFI0:
  35              		.cfi_def_cfa_offset 20
  36              		.cfi_offset 4, -20
  37              		.cfi_offset 5, -16
  38              		.cfi_offset 6, -12
  39              		.cfi_offset 7, -8
  40              		.cfi_offset 14, -4
  41 0002 0600     		movs	r6, r0
  42 0004 8C46     		mov	ip, r1
ARM GAS  /tmp/ccucxxi1.s 			page 2


  17:Core/Src/ws2811.c **** 	for (uint32_t i = 0; i < n; i++) {
  43              		.loc 1 17 2 is_stmt 1 view .LVU2
  44              	.LBB2:
  45              		.loc 1 17 7 view .LVU3
  46              	.LVL1:
  47              		.loc 1 17 16 is_stmt 0 view .LVU4
  48 0006 0025     		movs	r5, #0
  49              		.loc 1 17 2 view .LVU5
  50 0008 00E0     		b	.L2
  51              	.LVL2:
  52              	.L7:
  53              		.loc 1 17 31 is_stmt 1 discriminator 2 view .LVU6
  54 000a 0135     		adds	r5, r5, #1
  55              	.LVL3:
  56              	.L2:
  57              		.loc 1 17 25 discriminator 1 view .LVU7
  58 000c 6545     		cmp	r5, ip
  59 000e 14D2     		bcs	.L6
  60              	.LBB3:
  18:Core/Src/ws2811.c **** 		for (uint32_t j = 0; j < NUMBER_LEDS; j++) {
  61              		.loc 1 18 17 is_stmt 0 view .LVU8
  62 0010 0020     		movs	r0, #0
  63              	.L4:
  64              	.LVL4:
  65              		.loc 1 18 26 is_stmt 1 discriminator 1 view .LVU9
  66 0012 2328     		cmp	r0, #35
  67 0014 F9D8     		bhi	.L7
  19:Core/Src/ws2811.c **** 			ws2811_bkup_buffer[i * NUMBER_LEDS*BYTES_PER_LED + j*BYTES_PER_LED + 0] = led_timeseries[i][j].r
  68              		.loc 1 19 4 view .LVU10
  69              		.loc 1 19 92 is_stmt 0 view .LVU11
  70 0016 6C23     		movs	r3, #108
  71 0018 6B43     		muls	r3, r5
  72 001a F218     		adds	r2, r6, r3
  73              		.loc 1 19 56 view .LVU12
  74 001c 4100     		lsls	r1, r0, #1
  75 001e 0918     		adds	r1, r1, r0
  76              		.loc 1 19 71 view .LVU13
  77 0020 5B18     		adds	r3, r3, r1
  78              		.loc 1 19 98 view .LVU14
  79 0022 8F5C     		ldrb	r7, [r1, r2]
  80              		.loc 1 19 76 view .LVU15
  81 0024 064C     		ldr	r4, .L8
  82 0026 E754     		strb	r7, [r4, r3]
  20:Core/Src/ws2811.c **** 			ws2811_bkup_buffer[i * NUMBER_LEDS*BYTES_PER_LED + j*BYTES_PER_LED + 1] = led_timeseries[i][j].g
  83              		.loc 1 20 4 is_stmt 1 view .LVU16
  84              		.loc 1 20 71 is_stmt 0 view .LVU17
  85 0028 5F1C     		adds	r7, r3, #1
  86              		.loc 1 20 98 view .LVU18
  87 002a 5218     		adds	r2, r2, r1
  88 002c 5178     		ldrb	r1, [r2, #1]
  89              		.loc 1 20 76 view .LVU19
  90 002e E155     		strb	r1, [r4, r7]
  21:Core/Src/ws2811.c **** 			ws2811_bkup_buffer[i * NUMBER_LEDS*BYTES_PER_LED + j*BYTES_PER_LED + 2] = led_timeseries[i][j].b
  91              		.loc 1 21 4 is_stmt 1 view .LVU20
  92              		.loc 1 21 71 is_stmt 0 view .LVU21
  93 0030 0233     		adds	r3, r3, #2
  94              		.loc 1 21 98 view .LVU22
ARM GAS  /tmp/ccucxxi1.s 			page 3


  95 0032 9278     		ldrb	r2, [r2, #2]
  96              		.loc 1 21 76 view .LVU23
  97 0034 E254     		strb	r2, [r4, r3]
  18:Core/Src/ws2811.c **** 			ws2811_bkup_buffer[i * NUMBER_LEDS*BYTES_PER_LED + j*BYTES_PER_LED + 0] = led_timeseries[i][j].r
  98              		.loc 1 18 42 is_stmt 1 discriminator 3 view .LVU24
  99 0036 0130     		adds	r0, r0, #1
 100              	.LVL5:
  18:Core/Src/ws2811.c **** 			ws2811_bkup_buffer[i * NUMBER_LEDS*BYTES_PER_LED + j*BYTES_PER_LED + 0] = led_timeseries[i][j].r
 101              		.loc 1 18 42 is_stmt 0 discriminator 3 view .LVU25
 102 0038 EBE7     		b	.L4
 103              	.LVL6:
 104              	.L6:
  18:Core/Src/ws2811.c **** 			ws2811_bkup_buffer[i * NUMBER_LEDS*BYTES_PER_LED + j*BYTES_PER_LED + 0] = led_timeseries[i][j].r
 105              		.loc 1 18 42 discriminator 3 view .LVU26
 106              	.LBE3:
 107              	.LBE2:
  22:Core/Src/ws2811.c **** 		}
  23:Core/Src/ws2811.c **** 	}
  24:Core/Src/ws2811.c **** 	return WS2811_RET_OK;
 108              		.loc 1 24 2 is_stmt 1 view .LVU27
  25:Core/Src/ws2811.c **** }
 109              		.loc 1 25 1 is_stmt 0 view .LVU28
 110 003a 0020     		movs	r0, #0
 111              		@ sp needed
 112              	.LVL7:
 113              	.LVL8:
 114              		.loc 1 25 1 view .LVU29
 115 003c F0BD     		pop	{r4, r5, r6, r7, pc}
 116              	.L9:
 117 003e C046     		.align	2
 118              	.L8:
 119 0040 00000000 		.word	ws2811_bkup_buffer
 120              		.cfi_endproc
 121              	.LFE40:
 123              		.section	.text.ws2811_trigger,"ax",%progbits
 124              		.align	1
 125              		.global	ws2811_trigger
 126              		.syntax unified
 127              		.code	16
 128              		.thumb_func
 130              	ws2811_trigger:
 131              	.LFB41:
  26:Core/Src/ws2811.c **** 
  27:Core/Src/ws2811.c **** static volatile uint8_t spi_d[BITS];
  28:Core/Src/ws2811.c **** static volatile uint8_t output_buff[BYTES_PER_LED*NUMBER_LEDS*BITS+3];
  29:Core/Src/ws2811.c **** ws2811_ret_E ws2811_trigger(void) {
 132              		.loc 1 29 35 is_stmt 1 view -0
 133              		.cfi_startproc
 134              		@ args = 0, pretend = 0, frame = 0
 135              		@ frame_needed = 0, uses_anonymous_args = 0
 136 0000 F8B5     		push	{r3, r4, r5, r6, r7, lr}
 137              	.LCFI1:
 138              		.cfi_def_cfa_offset 24
 139              		.cfi_offset 3, -24
 140              		.cfi_offset 4, -20
 141              		.cfi_offset 5, -16
 142              		.cfi_offset 6, -12
ARM GAS  /tmp/ccucxxi1.s 			page 4


 143              		.cfi_offset 7, -8
 144              		.cfi_offset 14, -4
 145 0002 CE46     		mov	lr, r9
 146 0004 4746     		mov	r7, r8
 147 0006 80B5     		push	{r7, lr}
 148              	.LCFI2:
 149              		.cfi_def_cfa_offset 32
 150              		.cfi_offset 8, -32
 151              		.cfi_offset 9, -28
  30:Core/Src/ws2811.c **** 	for(uint32_t i = 0;i < sizeof(output_buff);i++) {
 152              		.loc 1 30 2 view .LVU31
 153              	.LBB4:
 154              		.loc 1 30 6 view .LVU32
 155              	.LVL9:
 156              		.loc 1 30 15 is_stmt 0 view .LVU33
 157 0008 0023     		movs	r3, #0
 158              		.loc 1 30 2 view .LVU34
 159 000a 03E0     		b	.L11
 160              	.LVL10:
 161              	.L12:
  31:Core/Src/ws2811.c **** 		output_buff[i] = 0;
 162              		.loc 1 31 3 is_stmt 1 view .LVU35
 163              		.loc 1 31 18 is_stmt 0 view .LVU36
 164 000c 364A     		ldr	r2, .L27
 165 000e 0021     		movs	r1, #0
 166 0010 D154     		strb	r1, [r2, r3]
  30:Core/Src/ws2811.c **** 	for(uint32_t i = 0;i < sizeof(output_buff);i++) {
 167              		.loc 1 30 46 is_stmt 1 discriminator 3 view .LVU37
 168 0012 0133     		adds	r3, r3, #1
 169              	.LVL11:
 170              	.L11:
  30:Core/Src/ws2811.c **** 	for(uint32_t i = 0;i < sizeof(output_buff);i++) {
 171              		.loc 1 30 23 discriminator 1 view .LVU38
 172 0014 D922     		movs	r2, #217
 173 0016 5200     		lsls	r2, r2, #1
 174 0018 9342     		cmp	r3, r2
 175 001a F7D9     		bls	.L12
 176              	.LBE4:
  32:Core/Src/ws2811.c **** 	}
  33:Core/Src/ws2811.c **** 	uint8_t* tmp = &ws2811_buffer[spi_index*BYTES_PER_LED*NUMBER_LEDS];
 177              		.loc 1 33 2 view .LVU39
 178              		.loc 1 33 55 is_stmt 0 view .LVU40
 179 001c 334B     		ldr	r3, .L27+4
 180              	.LVL12:
 181              		.loc 1 33 55 view .LVU41
 182 001e 1A68     		ldr	r2, [r3]
 183 0020 6C23     		movs	r3, #108
 184 0022 5343     		muls	r3, r2
 185              		.loc 1 33 11 view .LVU42
 186 0024 324A     		ldr	r2, .L27+8
 187 0026 9C46     		mov	ip, r3
 188 0028 9444     		add	ip, ip, r2
 189              	.LVL13:
  34:Core/Src/ws2811.c **** 	uint32_t byte_i = 0;
 190              		.loc 1 34 2 is_stmt 1 view .LVU43
  35:Core/Src/ws2811.c **** 	uint8_t bit_i = 7;
 191              		.loc 1 35 2 view .LVU44
ARM GAS  /tmp/ccucxxi1.s 			page 5


  36:Core/Src/ws2811.c **** 	for(uint32_t i = 0;i < BYTES_PER_LED*NUMBER_LEDS;i++) {
 192              		.loc 1 36 2 view .LVU45
 193              	.LBB5:
 194              		.loc 1 36 6 view .LVU46
 195              		.loc 1 36 15 is_stmt 0 view .LVU47
 196 002a 0023     		movs	r3, #0
 197 002c 9846     		mov	r8, r3
 198              	.LBE5:
  35:Core/Src/ws2811.c **** 	uint8_t bit_i = 7;
 199              		.loc 1 35 10 view .LVU48
 200 002e 0733     		adds	r3, r3, #7
  34:Core/Src/ws2811.c **** 	uint32_t byte_i = 0;
 201              		.loc 1 34 11 view .LVU49
 202 0030 0024     		movs	r4, #0
 203              	.LBB14:
 204              		.loc 1 36 2 view .LVU50
 205 0032 2FE0     		b	.L13
 206              	.LVL14:
 207              	.L14:
 208              	.LBB6:
 209              	.LBB7:
 210              	.LBB8:
  37:Core/Src/ws2811.c **** 		uint8_t mask = 0x80;
  38:Core/Src/ws2811.c **** 		for(uint8_t j = 0; j < 8; j++) {
  39:Core/Src/ws2811.c **** 			uint8_t bit = mask & tmp[i];
  40:Core/Src/ws2811.c **** 			if (bit == 0) {
  41:Core/Src/ws2811.c **** 				spi_d[0] = 0;
  42:Core/Src/ws2811.c **** 				spi_d[1] = 0;
  43:Core/Src/ws2811.c **** 				spi_d[2] = 0;
  44:Core/Src/ws2811.c **** 				spi_d[3] = 1;
  45:Core/Src/ws2811.c **** 			} else {
  46:Core/Src/ws2811.c **** 				spi_d[0] = 0;
 211              		.loc 1 46 5 is_stmt 1 view .LVU51
 212              		.loc 1 46 14 is_stmt 0 view .LVU52
 213 0034 2F4A     		ldr	r2, .L27+12
 214              	.LVL15:
 215              		.loc 1 46 14 view .LVU53
 216 0036 0021     		movs	r1, #0
 217              	.LVL16:
 218              		.loc 1 46 14 view .LVU54
 219 0038 1170     		strb	r1, [r2]
 220              	.LVL17:
  47:Core/Src/ws2811.c **** 				spi_d[1] = 0;
 221              		.loc 1 47 5 is_stmt 1 view .LVU55
 222              		.loc 1 47 14 is_stmt 0 view .LVU56
 223 003a 5170     		strb	r1, [r2, #1]
  48:Core/Src/ws2811.c **** 				spi_d[2] = 1;
 224              		.loc 1 48 5 is_stmt 1 view .LVU57
 225              		.loc 1 48 14 is_stmt 0 view .LVU58
 226 003c 0131     		adds	r1, r1, #1
 227 003e 9170     		strb	r1, [r2, #2]
  49:Core/Src/ws2811.c **** 				spi_d[3] = 1;
 228              		.loc 1 49 5 is_stmt 1 view .LVU59
 229              		.loc 1 49 14 is_stmt 0 view .LVU60
 230 0040 D170     		strb	r1, [r2, #3]
 231 0042 22E0     		b	.L15
 232              	.LVL18:
ARM GAS  /tmp/ccucxxi1.s 			page 6


 233              	.L16:
 234              	.LBB9:
  50:Core/Src/ws2811.c **** 			}
  51:Core/Src/ws2811.c **** 			for(uint32_t k = 0; k < BITS; k++) {
  52:Core/Src/ws2811.c **** 				output_buff[byte_i] = output_buff[byte_i] | (spi_d[k] << bit_i);
  53:Core/Src/ws2811.c **** 				if (bit_i == 0) {
  54:Core/Src/ws2811.c **** 					bit_i = 8;
  55:Core/Src/ws2811.c **** 					byte_i++;
  56:Core/Src/ws2811.c **** 				}
  57:Core/Src/ws2811.c **** 				bit_i--;
 235              		.loc 1 57 5 is_stmt 1 view .LVU61
 236              		.loc 1 57 10 is_stmt 0 view .LVU62
 237 0044 013B     		subs	r3, r3, #1
 238              	.LVL19:
 239              		.loc 1 57 10 view .LVU63
 240 0046 DBB2     		uxtb	r3, r3
 241              	.LVL20:
  51:Core/Src/ws2811.c **** 				output_buff[byte_i] = output_buff[byte_i] | (spi_d[k] << bit_i);
 242              		.loc 1 51 35 is_stmt 1 discriminator 2 view .LVU64
 243 0048 0130     		adds	r0, r0, #1
 244              	.LVL21:
 245              	.L17:
  51:Core/Src/ws2811.c **** 				output_buff[byte_i] = output_buff[byte_i] | (spi_d[k] << bit_i);
 246              		.loc 1 51 26 discriminator 1 view .LVU65
 247 004a 0328     		cmp	r0, #3
 248 004c 0CD8     		bhi	.L23
  52:Core/Src/ws2811.c **** 				if (bit_i == 0) {
 249              		.loc 1 52 5 view .LVU66
  52:Core/Src/ws2811.c **** 				if (bit_i == 0) {
 250              		.loc 1 52 38 is_stmt 0 view .LVU67
 251 004e 264F     		ldr	r7, .L27
 252 0050 3A5D     		ldrb	r2, [r7, r4]
  52:Core/Src/ws2811.c **** 				if (bit_i == 0) {
 253              		.loc 1 52 55 view .LVU68
 254 0052 2849     		ldr	r1, .L27+12
 255 0054 095C     		ldrb	r1, [r1, r0]
  52:Core/Src/ws2811.c **** 				if (bit_i == 0) {
 256              		.loc 1 52 59 view .LVU69
 257 0056 9940     		lsls	r1, r1, r3
  52:Core/Src/ws2811.c **** 				if (bit_i == 0) {
 258              		.loc 1 52 47 view .LVU70
 259 0058 0A43     		orrs	r2, r1
 260 005a D2B2     		uxtb	r2, r2
  52:Core/Src/ws2811.c **** 				if (bit_i == 0) {
 261              		.loc 1 52 25 view .LVU71
 262 005c 3A55     		strb	r2, [r7, r4]
  53:Core/Src/ws2811.c **** 					bit_i = 8;
 263              		.loc 1 53 5 is_stmt 1 view .LVU72
  53:Core/Src/ws2811.c **** 					bit_i = 8;
 264              		.loc 1 53 8 is_stmt 0 view .LVU73
 265 005e 002B     		cmp	r3, #0
 266 0060 F0D1     		bne	.L16
  54:Core/Src/ws2811.c **** 					byte_i++;
 267              		.loc 1 54 6 is_stmt 1 view .LVU74
 268              	.LVL22:
  55:Core/Src/ws2811.c **** 				}
 269              		.loc 1 55 6 view .LVU75
ARM GAS  /tmp/ccucxxi1.s 			page 7


  55:Core/Src/ws2811.c **** 				}
 270              		.loc 1 55 12 is_stmt 0 view .LVU76
 271 0062 0134     		adds	r4, r4, #1
 272              	.LVL23:
  54:Core/Src/ws2811.c **** 					byte_i++;
 273              		.loc 1 54 12 view .LVU77
 274 0064 0833     		adds	r3, r3, #8
 275 0066 EDE7     		b	.L16
 276              	.LVL24:
 277              	.L23:
  54:Core/Src/ws2811.c **** 					byte_i++;
 278              		.loc 1 54 12 view .LVU78
 279              	.LBE9:
  58:Core/Src/ws2811.c **** 			}
  59:Core/Src/ws2811.c **** 			mask = mask >> 1;
 280              		.loc 1 59 4 is_stmt 1 view .LVU79
 281              		.loc 1 59 9 is_stmt 0 view .LVU80
 282 0068 7608     		lsrs	r6, r6, #1
 283              	.LVL25:
 284              		.loc 1 59 9 view .LVU81
 285              	.LBE8:
  38:Core/Src/ws2811.c **** 			uint8_t bit = mask & tmp[i];
 286              		.loc 1 38 30 is_stmt 1 discriminator 2 view .LVU82
 287 006a 0135     		adds	r5, r5, #1
 288              	.LVL26:
  38:Core/Src/ws2811.c **** 			uint8_t bit = mask & tmp[i];
 289              		.loc 1 38 30 is_stmt 0 discriminator 2 view .LVU83
 290 006c EDB2     		uxtb	r5, r5
 291              	.LVL27:
 292              	.L20:
  38:Core/Src/ws2811.c **** 			uint8_t bit = mask & tmp[i];
 293              		.loc 1 38 24 is_stmt 1 discriminator 1 view .LVU84
 294 006e 072D     		cmp	r5, #7
 295 0070 0DD8     		bhi	.L24
 296              	.LBB11:
  39:Core/Src/ws2811.c **** 			if (bit == 0) {
 297              		.loc 1 39 4 view .LVU85
  39:Core/Src/ws2811.c **** 			if (bit == 0) {
 298              		.loc 1 39 28 is_stmt 0 view .LVU86
 299 0072 6246     		mov	r2, ip
 300 0074 4146     		mov	r1, r8
 301 0076 525C     		ldrb	r2, [r2, r1]
 302              	.LVL28:
  40:Core/Src/ws2811.c **** 				spi_d[0] = 0;
 303              		.loc 1 40 4 is_stmt 1 view .LVU87
  40:Core/Src/ws2811.c **** 				spi_d[0] = 0;
 304              		.loc 1 40 7 is_stmt 0 view .LVU88
 305 0078 1642     		tst	r6, r2
 306 007a DBD1     		bne	.L14
 307              	.LVL29:
  41:Core/Src/ws2811.c **** 				spi_d[1] = 0;
 308              		.loc 1 41 5 is_stmt 1 view .LVU89
  41:Core/Src/ws2811.c **** 				spi_d[1] = 0;
 309              		.loc 1 41 14 is_stmt 0 view .LVU90
 310 007c 1D4A     		ldr	r2, .L27+12
 311              	.LVL30:
  41:Core/Src/ws2811.c **** 				spi_d[1] = 0;
ARM GAS  /tmp/ccucxxi1.s 			page 8


 312              		.loc 1 41 14 view .LVU91
 313 007e 0021     		movs	r1, #0
 314              	.LVL31:
  41:Core/Src/ws2811.c **** 				spi_d[1] = 0;
 315              		.loc 1 41 14 view .LVU92
 316 0080 1170     		strb	r1, [r2]
 317              	.LVL32:
  42:Core/Src/ws2811.c **** 				spi_d[2] = 0;
 318              		.loc 1 42 5 is_stmt 1 view .LVU93
  42:Core/Src/ws2811.c **** 				spi_d[2] = 0;
 319              		.loc 1 42 14 is_stmt 0 view .LVU94
 320 0082 5170     		strb	r1, [r2, #1]
  43:Core/Src/ws2811.c **** 				spi_d[3] = 1;
 321              		.loc 1 43 5 is_stmt 1 view .LVU95
  43:Core/Src/ws2811.c **** 				spi_d[3] = 1;
 322              		.loc 1 43 14 is_stmt 0 view .LVU96
 323 0084 9170     		strb	r1, [r2, #2]
  44:Core/Src/ws2811.c **** 			} else {
 324              		.loc 1 44 5 is_stmt 1 view .LVU97
  44:Core/Src/ws2811.c **** 			} else {
 325              		.loc 1 44 14 is_stmt 0 view .LVU98
 326 0086 0131     		adds	r1, r1, #1
 327 0088 D170     		strb	r1, [r2, #3]
 328              	.L15:
 329              	.LBB10:
  54:Core/Src/ws2811.c **** 					byte_i++;
 330              		.loc 1 54 12 view .LVU99
 331 008a 0020     		movs	r0, #0
 332 008c DDE7     		b	.L17
 333              	.LVL33:
 334              	.L24:
  54:Core/Src/ws2811.c **** 					byte_i++;
 335              		.loc 1 54 12 view .LVU100
 336              	.LBE10:
 337              	.LBE11:
 338              	.LBE7:
 339              	.LBE6:
  36:Core/Src/ws2811.c **** 		uint8_t mask = 0x80;
 340              		.loc 1 36 52 is_stmt 1 discriminator 2 view .LVU101
 341 008e 0122     		movs	r2, #1
 342 0090 9146     		mov	r9, r2
 343 0092 C844     		add	r8, r8, r9
 344              	.LVL34:
 345              	.L13:
  36:Core/Src/ws2811.c **** 		uint8_t mask = 0x80;
 346              		.loc 1 36 23 discriminator 1 view .LVU102
 347 0094 4246     		mov	r2, r8
 348 0096 6B2A     		cmp	r2, #107
 349 0098 02D8     		bhi	.L25
 350              	.LBB13:
 351              	.LBB12:
  38:Core/Src/ws2811.c **** 			uint8_t bit = mask & tmp[i];
 352              		.loc 1 38 15 is_stmt 0 view .LVU103
 353 009a 0025     		movs	r5, #0
 354              	.LBE12:
  37:Core/Src/ws2811.c **** 		for(uint8_t j = 0; j < 8; j++) {
 355              		.loc 1 37 11 view .LVU104
ARM GAS  /tmp/ccucxxi1.s 			page 9


 356 009c 8026     		movs	r6, #128
 357 009e E6E7     		b	.L20
 358              	.L25:
 359              	.LBE13:
 360              	.LBE14:
  60:Core/Src/ws2811.c **** 		}
  61:Core/Src/ws2811.c **** 	}
  62:Core/Src/ws2811.c **** 	uint32_t last_i = sizeof(output_buff)-1;
 361              		.loc 1 62 2 is_stmt 1 view .LVU105
 362              	.LVL35:
  63:Core/Src/ws2811.c **** 	output_buff[last_i-2] = 0x00;
 363              		.loc 1 63 2 view .LVU106
 364              		.loc 1 63 24 is_stmt 0 view .LVU107
 365 00a0 1149     		ldr	r1, .L27
 366 00a2 0023     		movs	r3, #0
 367              	.LVL36:
 368              		.loc 1 63 24 view .LVU108
 369 00a4 D822     		movs	r2, #216
 370 00a6 5200     		lsls	r2, r2, #1
 371 00a8 8B54     		strb	r3, [r1, r2]
  64:Core/Src/ws2811.c **** 	output_buff[last_i-1] = 0x00;
 372              		.loc 1 64 2 is_stmt 1 view .LVU109
 373              		.loc 1 64 24 is_stmt 0 view .LVU110
 374 00aa B222     		movs	r2, #178
 375 00ac FF32     		adds	r2, r2, #255
 376 00ae 8B54     		strb	r3, [r1, r2]
  65:Core/Src/ws2811.c **** 	output_buff[last_i] = 0x00;
 377              		.loc 1 65 2 is_stmt 1 view .LVU111
 378              		.loc 1 65 22 is_stmt 0 view .LVU112
 379 00b0 0132     		adds	r2, r2, #1
 380 00b2 8B54     		strb	r3, [r1, r2]
  66:Core/Src/ws2811.c **** 	HAL_SPI_Transmit_IT(&hspi1, output_buff, BYTES_PER_LED*NUMBER_LEDS*BITS+3);
 381              		.loc 1 66 2 is_stmt 1 view .LVU113
 382 00b4 FE3A     		subs	r2, r2, #254
 383 00b6 1048     		ldr	r0, .L27+16
 384 00b8 FF32     		adds	r2, r2, #255
 385 00ba FFF7FEFF 		bl	HAL_SPI_Transmit_IT
 386              	.LVL37:
  67:Core/Src/ws2811.c **** 
  68:Core/Src/ws2811.c **** 	spi_index++;
 387              		.loc 1 68 2 view .LVU114
 388              		.loc 1 68 11 is_stmt 0 view .LVU115
 389 00be 0B4B     		ldr	r3, .L27+4
 390 00c0 1A68     		ldr	r2, [r3]
 391 00c2 0132     		adds	r2, r2, #1
 392 00c4 1A60     		str	r2, [r3]
  69:Core/Src/ws2811.c **** 	if (spi_index == WS2811_BUFF_LEN) {
 393              		.loc 1 69 2 is_stmt 1 view .LVU116
 394              		.loc 1 69 16 is_stmt 0 view .LVU117
 395 00c6 1B68     		ldr	r3, [r3]
 396              		.loc 1 69 5 view .LVU118
 397 00c8 022B     		cmp	r3, #2
 398 00ca 04D0     		beq	.L26
 399              	.L21:
  70:Core/Src/ws2811.c **** 		spi_index = 0;
  71:Core/Src/ws2811.c **** 		memcpy(ws2811_buffer, ws2811_bkup_buffer, BUFF_SIZE);
  72:Core/Src/ws2811.c **** 	}
ARM GAS  /tmp/ccucxxi1.s 			page 10


  73:Core/Src/ws2811.c **** 	return WS2811_RET_OK;	
 400              		.loc 1 73 2 is_stmt 1 view .LVU119
  74:Core/Src/ws2811.c **** }
 401              		.loc 1 74 1 is_stmt 0 view .LVU120
 402 00cc 0020     		movs	r0, #0
 403              		@ sp needed
 404              	.LVL38:
 405              	.LVL39:
 406              		.loc 1 74 1 view .LVU121
 407 00ce C0BC     		pop	{r6, r7}
 408 00d0 B946     		mov	r9, r7
 409 00d2 B046     		mov	r8, r6
 410 00d4 F8BD     		pop	{r3, r4, r5, r6, r7, pc}
 411              	.LVL40:
 412              	.L26:
  70:Core/Src/ws2811.c **** 		spi_index = 0;
 413              		.loc 1 70 3 is_stmt 1 view .LVU122
  70:Core/Src/ws2811.c **** 		spi_index = 0;
 414              		.loc 1 70 13 is_stmt 0 view .LVU123
 415 00d6 054B     		ldr	r3, .L27+4
 416 00d8 0022     		movs	r2, #0
 417 00da 1A60     		str	r2, [r3]
  71:Core/Src/ws2811.c **** 	}
 418              		.loc 1 71 3 is_stmt 1 view .LVU124
 419 00dc 0448     		ldr	r0, .L27+8
 420 00de 0749     		ldr	r1, .L27+20
 421 00e0 D832     		adds	r2, r2, #216
 422 00e2 FFF7FEFF 		bl	memcpy
 423              	.LVL41:
 424 00e6 F1E7     		b	.L21
 425              	.L28:
 426              		.align	2
 427              	.L27:
 428 00e8 00000000 		.word	output_buff
 429 00ec 00000000 		.word	spi_index
 430 00f0 00000000 		.word	ws2811_buffer
 431 00f4 00000000 		.word	spi_d
 432 00f8 00000000 		.word	hspi1
 433 00fc 00000000 		.word	ws2811_bkup_buffer
 434              		.cfi_endproc
 435              	.LFE41:
 437              		.section	.bss.output_buff,"aw",%nobits
 438              		.align	2
 441              	output_buff:
 442 0000 00000000 		.space	435
 442      00000000 
 442      00000000 
 442      00000000 
 442      00000000 
 443              		.section	.bss.spi_d,"aw",%nobits
 444              		.align	2
 447              	spi_d:
 448 0000 00000000 		.space	4
 449              		.section	.bss.spi_index,"aw",%nobits
 450              		.align	2
 453              	spi_index:
 454 0000 00000000 		.space	4
ARM GAS  /tmp/ccucxxi1.s 			page 11


 455              		.section	.bss.ws2811_buffer,"aw",%nobits
 456              		.align	2
 459              	ws2811_buffer:
 460 0000 00000000 		.space	216
 460      00000000 
 460      00000000 
 460      00000000 
 460      00000000 
 461              		.section	.bss.ws2811_bkup_buffer,"aw",%nobits
 462              		.align	2
 465              	ws2811_bkup_buffer:
 466 0000 00000000 		.space	216
 466      00000000 
 466      00000000 
 466      00000000 
 466      00000000 
 467              		.text
 468              	.Letext0:
 469              		.file 2 "/usr/arm-none-eabi/include/machine/_default_types.h"
 470              		.file 3 "/usr/arm-none-eabi/include/sys/_stdint.h"
 471              		.file 4 "Core/Inc/ws2811.h"
 472              		.file 5 "Drivers/CMSIS/Device/ST/STM32F0xx/Include/stm32f042x6.h"
 473              		.file 6 "Drivers/STM32F0xx_HAL_Driver/Inc/stm32f0xx_hal_def.h"
 474              		.file 7 "Drivers/STM32F0xx_HAL_Driver/Inc/stm32f0xx_hal_dma.h"
 475              		.file 8 "Drivers/STM32F0xx_HAL_Driver/Inc/stm32f0xx_hal_spi.h"
 476              		.file 9 "<built-in>"
ARM GAS  /tmp/ccucxxi1.s 			page 12


DEFINED SYMBOLS
                            *ABS*:00000000 ws2811.c
     /tmp/ccucxxi1.s:19     .text.ws2811_tx:00000000 $t
     /tmp/ccucxxi1.s:25     .text.ws2811_tx:00000000 ws2811_tx
     /tmp/ccucxxi1.s:119    .text.ws2811_tx:00000040 $d
     /tmp/ccucxxi1.s:465    .bss.ws2811_bkup_buffer:00000000 ws2811_bkup_buffer
     /tmp/ccucxxi1.s:124    .text.ws2811_trigger:00000000 $t
     /tmp/ccucxxi1.s:130    .text.ws2811_trigger:00000000 ws2811_trigger
     /tmp/ccucxxi1.s:428    .text.ws2811_trigger:000000e8 $d
     /tmp/ccucxxi1.s:441    .bss.output_buff:00000000 output_buff
     /tmp/ccucxxi1.s:453    .bss.spi_index:00000000 spi_index
     /tmp/ccucxxi1.s:459    .bss.ws2811_buffer:00000000 ws2811_buffer
     /tmp/ccucxxi1.s:447    .bss.spi_d:00000000 spi_d
     /tmp/ccucxxi1.s:438    .bss.output_buff:00000000 $d
     /tmp/ccucxxi1.s:444    .bss.spi_d:00000000 $d
     /tmp/ccucxxi1.s:450    .bss.spi_index:00000000 $d
     /tmp/ccucxxi1.s:456    .bss.ws2811_buffer:00000000 $d
     /tmp/ccucxxi1.s:462    .bss.ws2811_bkup_buffer:00000000 $d

UNDEFINED SYMBOLS
HAL_SPI_Transmit_IT
memcpy
hspi1
